app/build/outputs/logs/manifest-merger-debug-report.txt
-- Merging decision tree log ---
manifest
ADDED from src\main\AndroidManifest.xml:2:1-34:12
INJECTED from src\main\AndroidManifest.xml:2:1-34:12
INJECTED from src\main\AndroidManifest.xml:2:1-34:12
INJECTED from src\main\AndroidManifest.xml:2:1-34:12
INJECTED from src\main\AndroidManifest.xml:2:1-34:12
INJECTED from src\main\AndroidManifest.xml:2:1-34:12
INJECTED from src\main\AndroidManifest.xml:2:1-34:12
	package
		ADDED from src\main\AndroidManifest.xml:3:5-29
		INJECTED from src\main\AndroidManifest.xml
		INJECTED from src\main\AndroidManifest.xml
	android:versionName
		ADDED from src\main\AndroidManifest.xml:5:5-30
		INJECTED from src\main\AndroidManifest.xml
		INJECTED from src\main\AndroidManifest.xml
	xmlns:android
		ADDED from src\main\AndroidManifest.xml:2:11-69
	android:versionCode
		ADDED from src\main\AndroidManifest.xml:4:5-28
		INJECTED from src\main\AndroidManifest.xml
		INJECTED from src\main\AndroidManifest.xml
uses-permission#android.permission.INTERNET
ADDED from src\main\AndroidManifest.xml:7:5-66
	android:name
		ADDED from src\main\AndroidManifest.xml:7:22-64
application
ADDED from src\main\AndroidManifest.xml:11:5-32:19
	android:label
		ADDED from src\main\AndroidManifest.xml:13:9-41
	android:icon
		ADDED from src\main\AndroidManifest.xml:12:9-45
activity#com.restaurant.custinfo
ADDED from src\main\AndroidManifest.xml:14:9-23:20
	android:screenOrientation
		ADDED from src\main\AndroidManifest.xml:15:13-49
	android:label
		ADDED from src\main\AndroidManifest.xml:17:13-45
	android:name
		ADDED from src\main\AndroidManifest.xml:16:13-37
intent-filter#action:name:android.intent.action.MAIN+category:name:android.intent.category.LAUNCHER
ADDED from src\main\AndroidManifest.xml:18:13-22:29
action#android.intent.action.MAIN
ADDED from src\main\AndroidManifest.xml:19:17-69
	android:name
		ADDED from src\main\AndroidManifest.xml:19:25-66
category#android.intent.category.LAUNCHER
ADDED from src\main\AndroidManifest.xml:21:17-77
	android:name
		ADDED from src\main\AndroidManifest.xml:21:27-74
activity#com.restaurant.TimmyRestaurantActivity
ADDED from src\main\AndroidManifest.xml:24:9-70
	android:name
		ADDED from src\main\AndroidManifest.xml:24:19-58
activity#com.restaurant.InfoScreen
ADDED from src\main\AndroidManifest.xml:25:9-57
	android:name
		ADDED from src\main\AndroidManifest.xml:25:19-45
activity#com.restaurant.MenuScreen
ADDED from src\main\AndroidManifest.xml:26:9-57
	android:name
		ADDED from src\main\AndroidManifest.xml:26:19-45
activity#com.restaurant.OrderScreen
ADDED from src\main\AndroidManifest.xml:27:9-58
	android:name
		ADDED from src\main\AndroidManifest.xml:27:19-46
activity#com.restaurant.FindStore
ADDED from src\main\AndroidManifest.xml:28:9-56
	android:name
		ADDED from src\main\AndroidManifest.xml:28:19-44
activity#com.restaurant.OrderList
ADDED from src\main\AndroidManifest.xml:29:9-70
	android:name
		ADDED from src\main\AndroidManifest.xml:29:19-58
activity#com.restaurant.LoginActivity
ADDED from src\main\AndroidManifest.xml:30:10-75
	android:name
		ADDED from src\main\AndroidManifest.xml:30:20-63
activity#com.restaurant.HelpGuide
ADDED from src\main\AndroidManifest.xml:31:9-56
	android:name
		ADDED from src\main\AndroidManifest.xml:31:19-44
uses-sdk
INJECTED from src\main\AndroidManifest.xml reason: use-sdk injection requested
INJECTED from src\main\AndroidManifest.xml
INJECTED from src\main\AndroidManifest.xml
INJECTED from src\main\AndroidManifest.xml
INJECTED from src\main\AndroidManifest.xml
	android:targetSdkVersion
		INJECTED from src\main\AndroidManifest.xml
		ADDED from src\main\AndroidManifest.xml
		INJECTED from src\main\AndroidManifest.xml
	android:minSdkVersion
		INJECTED from src\main\AndroidManifest.xml
		ADDED from src\main\AndroidManifest.xml
		INJECTED from src\main\AndroidManifest.xml